<?xml version="1.0" encoding="UTF-8"?>
<!-- Generated by org.testng.reporters.JUnitReportReporter -->
<testsuite hostname="LAPTOP-55BMRSEH" failures="0" tests="2" name="indiancongress.SeleniumTest" time="0.000" errors="0" timestamp="2020-07-06T13:32:15 EDT" skipped="0">
  <testcase classname="indiancongress.SeleniumTest" name="WebAutomation" time="0.000"/>
  <system-out/>
  <testcase classname="indiancongress.SeleniumTest" name="SiteAutomation" time="0.000"/>
  <system-out/>
</testsuite> <!-- indiancongress.SeleniumTest -->
