<?xml version="1.0" encoding="UTF-8"?>
<!-- Generated by org.testng.reporters.JUnitReportReporter -->
<testsuite hostname="LAPTOP-55BMRSEH" failures="0" tests="2" name="indiancongress.RestAssurdTest" time="0.005" errors="0" timestamp="2020-07-06T13:32:15 EDT" skipped="0">
  <testcase classname="indiancongress.RestAssurdTest" name="AzanAutomation" time="0.005"/>
  <system-out/>
  <testcase classname="indiancongress.RestAssurdTest" name="CricketAutomation" time="0.000"/>
  <system-out/>
</testsuite> <!-- indiancongress.RestAssurdTest -->
