<?xml version="1.0" encoding="UTF-8"?>
<!-- Generated by org.testng.reporters.JUnitReportReporter -->
<testsuite hostname="LAPTOP-55BMRSEH" failures="0" tests="2" name="indiancongress.APITest" time="0.006" errors="0" timestamp="2020-07-06T13:30:55 EDT" skipped="0">
  <testcase classname="indiancongress.APITest" name="MobileAutomation" time="0.006"/>
  <system-out/>
  <testcase classname="indiancongress.APITest" name="Pakistan" time="0.000"/>
  <system-out/>
</testsuite> <!-- indiancongress.APITest -->
